<?xml version="1.0" encoding="UTF-8"?>
<!-- Generated by org.testng.reporters.JUnitReportReporter -->
<testsuite name="excelReadWrite.ExcelRead" tests="1" time="0.660" ignored="0" failures="0" timestamp="03 Apr 2017 06:08:53 GMT" skipped="0" hostname="Admin" errors="0">
  <testcase name="readExcelByKeyWord" time="0.660" classname="excelReadWrite.ExcelRead"/>
</testsuite> <!-- excelReadWrite.ExcelRead -->
