<?xml version="1.0" encoding="UTF-8"?>
<!-- Generated by org.testng.reporters.JUnitReportReporter -->
<testsuite name="DataBaseConnectivity.DataBaseConnection" tests="1" time="7.524" ignored="0" failures="0" timestamp="01 Jun 2017 12:14:40 GMT" skipped="0" hostname="Admin" errors="0">
  <testcase name="getDAO" time="7.524" classname="DataBaseConnectivity.DataBaseConnection"/>
</testsuite> <!-- DataBaseConnectivity.DataBaseConnection -->
