<?xml version="1.0" encoding="UTF-8"?>
<!-- Generated by org.testng.reporters.JUnitReportReporter -->
<testsuite name="webTestCase.LoginTestCases" tests="2" time="22.132" ignored="0" failures="0" timestamp="14 May 2017 06:54:49 GMT" skipped="0" hostname="Admin" errors="0">
  <testcase name="login_Success" time="14.769" classname="webTestCase.LoginTestCases"/>
  <testcase name="forgotPassword" time="7.363" classname="webTestCase.LoginTestCases"/>
</testsuite> <!-- webTestCase.LoginTestCases -->
