<?xml version="1.0" encoding="UTF-8"?>
<!-- Generated by org.testng.reporters.JUnitReportReporter -->
<testsuite name="sample.SampleDbAccess" tests="1" time="5.372" ignored="0" failures="0" timestamp="06 Jun 2017 15:10:47 GMT" skipped="0" hostname="Admin" errors="0">
  <testcase name="hello" time="5.372" classname="sample.SampleDbAccess"/>
</testsuite> <!-- sample.SampleDbAccess -->
