<?xml version="1.0" encoding="UTF-8"?>
<!-- Generated by org.testng.reporters.JUnitReportReporter -->
<testsuite name="objectRepositoryReader.ObjectRepositoryStaticReader" tests="1" time="0.359" ignored="0" failures="0" timestamp="03 Apr 2017 06:21:10 GMT" skipped="0" hostname="Admin" errors="0">
  <testcase name="oBjectXmlReader" time="0.359" classname="objectRepositoryReader.ObjectRepositoryStaticReader"/>
</testsuite> <!-- objectRepositoryReader.ObjectRepositoryStaticReader -->
